[12/Jun/2020:16:13:04] (I): WordPress Instance Info:
[12/Jun/2020:16:13:04] (I): Home URL : http://localhost/workspace/lrpoc
[12/Jun/2020:16:13:04] (I): Site URL : http://localhost/workspace/lrpoc
[12/Jun/2020:16:13:04] (I): WordPress Version : 5.3.2
[12/Jun/2020:16:13:04] (I): Onboarding Version : 1.0.1
[12/Jun/2020:16:13:04] (I): Multisite : No
[12/Jun/2020:16:13:04] (I): Server Info : Apache/2.4.18 (Ubuntu)
[12/Jun/2020:16:13:04] (I): PHP Version : 7.0.33-0ubuntu0.16.04.12
[12/Jun/2020:16:13:04] (I): HTTPS : No
[12/Jun/2020:16:13:04] (I): PHP Max Execution Time : 30
[12/Jun/2020:16:13:04] (I): PHP Max Input Vars : 1000
[12/Jun/2020:16:13:04] (I): Max Upload Size : 2097152
[12/Jun/2020:16:13:04] (I): Plugins:
[12/Jun/2020:16:13:04] (I): [PLUGIN] Advanced Custom Fields : v5.8.8 (Elliot Condon)
[12/Jun/2020:16:13:04] (I): [PLUGIN] Advanced Woo Search : v1.98 (ILLID)
[12/Jun/2020:16:13:04] (I): [PLUGIN] All-in-One WP Migration : v7.18 (ServMask)
[12/Jun/2020:16:13:04] (I): [PLUGIN] Contact Form 7 : v5.1.9 (Takayuki Miyoshi)
[12/Jun/2020:16:13:04] (I): [PLUGIN] Custom Post Type UI : v1.7.4 (WebDevStudios)
[12/Jun/2020:16:13:04] (I): [PLUGIN] Elementor : v2.9.11 (Elementor.com)
[12/Jun/2020:16:13:04] (I): [PLUGIN] Mailchimp for WooCommerce : v2.3.4 (Mailchimp)
[12/Jun/2020:16:13:04] (I): [PLUGIN] MetaSlider : v3.16.4 (Team Updraft)
[12/Jun/2020:16:13:04] (I): [PLUGIN] Show Current Template : v0.3.3 (JOTAKI Taisuke)
[12/Jun/2020:16:13:04] (I): [PLUGIN] Simply Show Hooks : v1.2.1 (Stuart O'Brien, cxThemes)
[12/Jun/2020:16:13:04] (I): [PLUGIN] Orbit Fox Companion : v2.9.9 (Themeisle)
[12/Jun/2020:16:13:04] (I): [PLUGIN] Ultra Companion : v1.1.3 (WPoperation)
[12/Jun/2020:16:13:04] (I): [PLUGIN] Product Slider for WooCommerce : v2.2.1 (ShapedPlugin)
[12/Jun/2020:16:13:04] (I): [PLUGIN] Booster for WooCommerce : v5.0.0 (Pluggabl LLC)
[12/Jun/2020:16:13:04] (I): [PLUGIN] WooCommerce : v4.0.1 (Automattic)
[12/Jun/2020:16:13:04] (I): [PLUGIN] WP Fastest Cache : v0.9.0.4 (Emre Vona)
